[debug] [2025-10-27T13:00:58.439Z] ----------------------------------------------------------------------
[debug] [2025-10-27T13:00:58.446Z] Command:       C:\Program Files\nodejs\node.exe C:\Users\myace\AppData\Roaming\npm\node_modules\firebase-tools\lib\bin\firebase.js login
[debug] [2025-10-27T13:00:58.446Z] CLI Version:   14.22.0
[debug] [2025-10-27T13:00:58.447Z] Platform:      win32
[debug] [2025-10-27T13:00:58.447Z] Node Version:  v20.14.0
[debug] [2025-10-27T13:00:58.447Z] Time:          Mon Oct 27 2025 21:00:58 GMT+0800 (Philippine Standard Time)
[debug] [2025-10-27T13:00:58.447Z] ----------------------------------------------------------------------
[debug] 
[debug] [2025-10-27T13:00:58.451Z] >>> [apiv2][query] GET https://firebase-public.firebaseio.com/cli.json [none]
[error] 
[error] Error: Cannot run login in non-interactive mode. See login:ci to generate a token for use in non-interactive environments.
[debug] [2025-10-27T13:00:58.922Z] Error: EBUSY: resource busy or locked, unlink 'D:\camco prefab updated 2\firebase-debug.log'
    at Object.unlinkSync (node:fs:1877:11)
    at process.<anonymous> (C:\Users\myace\AppData\Roaming\npm\node_modules\firebase-tools\lib\bin\cli.js:44:16)
    at process.emit (node:events:531:35)
    at process.exit (node:internal/process/per_thread:185:15)
    at Timeout._onTimeout (C:\Users\myace\AppData\Roaming\npm\node_modules\firebase-tools\lib\errorOut.js:20:17)
    at listOnTimeout (node:internal/timers:573:17)
    at process.processTimers (node:internal/timers:514:7)
[error] 
[error] Error: An unexpected error has occurred.
